# Logfile created on Thu Jan 28 18:46:48 -0800 2010  [4;36;1mSQL (33.3ms)[0m   [0;1mSET SQL_AUTO_IS_NULL=0[0m
  [4;35;1mSQL (1.8ms)[0m   [0mSHOW TABLES[0m
  [4;36;1mSQL (55.8ms)[0m   [0;1mSELECT version FROM schema_migrations[0m
Migrating to CreateComponents (20100121021341)
Migrating to CreateVersions (20100121022234)
Migrating to CreateUsers (20100121022255)
Migrating to CreateSignatures (20100121022314)
Migrating to CreateSignatureVersions (20100121064510)
  [4;35;1mSQL (0.5ms)[0m   [0mSHOW TABLES[0m
  [4;36;1mSQL (0.3ms)[0m   [0;1mSELECT version FROM schema_migrations[0m
  [4;35;1mSQL (0.3ms)[0m   [0mSHOW TABLES[0m
  [4;36;1mSQL (2.7ms)[0m   [0;1mSHOW FIELDS FROM `components`[0m
  [4;35;1mSQL (1.2ms)[0m   [0mdescribe `components`[0m
  [4;36;1mSQL (0.5ms)[0m   [0;1mSHOW KEYS FROM `components`[0m
  [4;35;1mSQL (17.5ms)[0m   [0mSHOW FIELDS FROM `signature_versions`[0m
  [4;36;1mSQL (1.6ms)[0m   [0;1mdescribe `signature_versions`[0m
  [4;35;1mSQL (0.6ms)[0m   [0mSHOW KEYS FROM `signature_versions`[0m
  [4;36;1mSQL (14.6ms)[0m   [0;1mSHOW FIELDS FROM `signatures`[0m
  [4;35;1mSQL (1.3ms)[0m   [0mdescribe `signatures`[0m
  [4;36;1mSQL (0.5ms)[0m   [0;1mSHOW KEYS FROM `signatures`[0m
  [4;35;1mSQL (2.5ms)[0m   [0mSHOW FIELDS FROM `users`[0m
  [4;36;1mSQL (1.3ms)[0m   [0;1mdescribe `users`[0m
  [4;35;1mSQL (0.4ms)[0m   [0mSHOW KEYS FROM `users`[0m
  [4;36;1mSQL (5.1ms)[0m   [0;1mSHOW FIELDS FROM `versions`[0m
  [4;35;1mSQL (1.2ms)[0m   [0mdescribe `versions`[0m
  [4;36;1mSQL (0.5ms)[0m   [0;1mSHOW KEYS FROM `versions`[0m
